2020-11-05 08:57:41.691  INFO 14004 --- [main] tn.esprit.spring.ContartTest             : Starting ContartTest on DESKTOP-DU3TEQB with PID 14004 (started by Yasser Bel Haj Ali in C:\Users\Yasser Bel Haj Ali\git\Timesheet-spring-boot-core-data-jpa-mvc-REST)
2020-11-05 08:57:41.697  INFO 14004 --- [main] tn.esprit.spring.ContartTest             : No active profile set, falling back to default profiles: default
2020-11-05 08:57:42.492  INFO 14004 --- [main] .s.d.r.c.RepositoryConfigurationDelegate : Bootstrapping Spring Data repositories in DEFAULT mode.
2020-11-05 08:57:42.588  INFO 14004 --- [main] .s.d.r.c.RepositoryConfigurationDelegate : Finished Spring Data repository scanning in 84ms. Found 6 repository interfaces.
2020-11-05 08:57:43.428  INFO 14004 --- [main] trationDelegate$BeanPostProcessorChecker : Bean 'org.springframework.transaction.annotation.ProxyTransactionManagementConfiguration' of type [org.springframework.transaction.annotation.ProxyTransactionManagementConfiguration$$EnhancerBySpringCGLIB$$580ed8a6] is not eligible for getting processed by all BeanPostProcessors (for example: not eligible for auto-proxying)
2020-11-05 08:57:43.640  INFO 14004 --- [main] com.zaxxer.hikari.HikariDataSource       : HikariPool-1 - Starting...
2020-11-05 08:57:43.788  INFO 14004 --- [main] com.zaxxer.hikari.HikariDataSource       : HikariPool-1 - Start completed.
2020-11-05 08:57:43.863  INFO 14004 --- [main] o.hibernate.jpa.internal.util.LogHelper  : HHH000204: Processing PersistenceUnitInfo [
	name: default
	...]
2020-11-05 08:57:44.013  INFO 14004 --- [main] org.hibernate.Version                    : HHH000412: Hibernate Core {5.3.9.Final}
2020-11-05 08:57:44.014  INFO 14004 --- [main] org.hibernate.cfg.Environment            : HHH000206: hibernate.properties not found
2020-11-05 08:57:44.076  INFO 14004 --- [main] o.hibernate.annotations.common.Version   : HCANN000001: Hibernate Commons Annotations {5.0.4.Final}
2020-11-05 08:57:44.716  INFO 14004 --- [main] org.hibernate.dialect.Dialect            : HHH000400: Using dialect: org.hibernate.dialect.MySQL5Dialect
2020-11-05 08:57:46.658  INFO 14004 --- [main] j.LocalContainerEntityManagerFactoryBean : Initialized JPA EntityManagerFactory for persistence unit 'default'
2020-11-05 08:57:47.278  INFO 14004 --- [main] o.h.h.i.QueryTranslatorFactoryInitiator  : HHH000397: Using ASTQueryTranslatorFactory
2020-11-05 08:57:48.404  INFO 14004 --- [main] o.s.s.concurrent.ThreadPoolTaskExecutor  : Initializing ExecutorService 'applicationTaskExecutor'
2020-11-05 08:57:48.479  WARN 14004 --- [main] aWebConfiguration$JpaWebMvcConfiguration : spring.jpa.open-in-view is enabled by default. Therefore, database queries may be performed during view rendering. Explicitly configure spring.jpa.open-in-view to disable this warning
2020-11-05 08:57:48.820  INFO 14004 --- [main] tn.esprit.spring.ContartTest             : Started ContartTest in 7.411 seconds (JVM running for 8.775)
2020-11-05 08:57:49.488  INFO 14004 --- [Thread-3] o.s.s.concurrent.ThreadPoolTaskExecutor  : Shutting down ExecutorService 'applicationTaskExecutor'
2020-11-05 08:57:49.491  INFO 14004 --- [Thread-3] j.LocalContainerEntityManagerFactoryBean : Closing JPA EntityManagerFactory for persistence unit 'default'
2020-11-05 08:57:49.494  INFO 14004 --- [Thread-3] com.zaxxer.hikari.HikariDataSource       : HikariPool-1 - Shutdown initiated...
2020-11-05 08:57:49.498  INFO 14004 --- [Thread-3] com.zaxxer.hikari.HikariDataSource       : HikariPool-1 - Shutdown completed.
2020-11-05 08:59:08.397  INFO 9496 --- [main] tn.esprit.spring.ContartTest             : Starting ContartTest on DESKTOP-DU3TEQB with PID 9496 (started by Yasser Bel Haj Ali in C:\Users\Yasser Bel Haj Ali\git\Timesheet-spring-boot-core-data-jpa-mvc-REST)
2020-11-05 08:59:08.398  INFO 9496 --- [main] tn.esprit.spring.ContartTest             : No active profile set, falling back to default profiles: default
2020-11-05 08:59:09.032  INFO 9496 --- [main] .s.d.r.c.RepositoryConfigurationDelegate : Bootstrapping Spring Data repositories in DEFAULT mode.
2020-11-05 08:59:09.124  INFO 9496 --- [main] .s.d.r.c.RepositoryConfigurationDelegate : Finished Spring Data repository scanning in 84ms. Found 6 repository interfaces.
2020-11-05 08:59:09.925  INFO 9496 --- [main] trationDelegate$BeanPostProcessorChecker : Bean 'org.springframework.transaction.annotation.ProxyTransactionManagementConfiguration' of type [org.springframework.transaction.annotation.ProxyTransactionManagementConfiguration$$EnhancerBySpringCGLIB$$5a9885fe] is not eligible for getting processed by all BeanPostProcessors (for example: not eligible for auto-proxying)
2020-11-05 08:59:10.130  INFO 9496 --- [main] com.zaxxer.hikari.HikariDataSource       : HikariPool-1 - Starting...
2020-11-05 08:59:10.269  INFO 9496 --- [main] com.zaxxer.hikari.HikariDataSource       : HikariPool-1 - Start completed.
2020-11-05 08:59:10.333  INFO 9496 --- [main] o.hibernate.jpa.internal.util.LogHelper  : HHH000204: Processing PersistenceUnitInfo [
	name: default
	...]
2020-11-05 08:59:10.405  INFO 9496 --- [main] org.hibernate.Version                    : HHH000412: Hibernate Core {5.3.9.Final}
2020-11-05 08:59:10.406  INFO 9496 --- [main] org.hibernate.cfg.Environment            : HHH000206: hibernate.properties not found
2020-11-05 08:59:10.450  INFO 9496 --- [main] o.hibernate.annotations.common.Version   : HCANN000001: Hibernate Commons Annotations {5.0.4.Final}
2020-11-05 08:59:10.912  INFO 9496 --- [main] org.hibernate.dialect.Dialect            : HHH000400: Using dialect: org.hibernate.dialect.MySQL5Dialect
2020-11-05 08:59:12.441  INFO 9496 --- [main] j.LocalContainerEntityManagerFactoryBean : Initialized JPA EntityManagerFactory for persistence unit 'default'
2020-11-05 08:59:12.910  INFO 9496 --- [main] o.h.h.i.QueryTranslatorFactoryInitiator  : HHH000397: Using ASTQueryTranslatorFactory
2020-11-05 08:59:13.946  INFO 9496 --- [main] o.s.s.concurrent.ThreadPoolTaskExecutor  : Initializing ExecutorService 'applicationTaskExecutor'
2020-11-05 08:59:14.012  WARN 9496 --- [main] aWebConfiguration$JpaWebMvcConfiguration : spring.jpa.open-in-view is enabled by default. Therefore, database queries may be performed during view rendering. Explicitly configure spring.jpa.open-in-view to disable this warning
2020-11-05 08:59:14.369  INFO 9496 --- [main] tn.esprit.spring.ContartTest             : Started ContartTest in 6.257 seconds (JVM running for 7.133)
2020-11-05 08:59:14.460  INFO 9496 --- [Thread-3] o.s.s.concurrent.ThreadPoolTaskExecutor  : Shutting down ExecutorService 'applicationTaskExecutor'
2020-11-05 08:59:14.464  INFO 9496 --- [Thread-3] j.LocalContainerEntityManagerFactoryBean : Closing JPA EntityManagerFactory for persistence unit 'default'
2020-11-05 08:59:14.466  INFO 9496 --- [Thread-3] com.zaxxer.hikari.HikariDataSource       : HikariPool-1 - Shutdown initiated...
2020-11-05 08:59:14.472  INFO 9496 --- [Thread-3] com.zaxxer.hikari.HikariDataSource       : HikariPool-1 - Shutdown completed.
2020-11-05 09:01:36.623  INFO 13936 --- [main] tn.esprit.spring.ContartTest             : Starting ContartTest on DESKTOP-DU3TEQB with PID 13936 (started by Yasser Bel Haj Ali in C:\Users\Yasser Bel Haj Ali\git\Timesheet-spring-boot-core-data-jpa-mvc-REST)
2020-11-05 09:01:36.625  INFO 13936 --- [main] tn.esprit.spring.ContartTest             : No active profile set, falling back to default profiles: default
2020-11-05 09:01:37.240  INFO 13936 --- [main] .s.d.r.c.RepositoryConfigurationDelegate : Bootstrapping Spring Data repositories in DEFAULT mode.
2020-11-05 09:01:37.329  INFO 13936 --- [main] .s.d.r.c.RepositoryConfigurationDelegate : Finished Spring Data repository scanning in 81ms. Found 6 repository interfaces.
2020-11-05 09:01:38.094  INFO 13936 --- [main] trationDelegate$BeanPostProcessorChecker : Bean 'org.springframework.transaction.annotation.ProxyTransactionManagementConfiguration' of type [org.springframework.transaction.annotation.ProxyTransactionManagementConfiguration$$EnhancerBySpringCGLIB$$6bab1223] is not eligible for getting processed by all BeanPostProcessors (for example: not eligible for auto-proxying)
2020-11-05 09:01:38.288  INFO 13936 --- [main] com.zaxxer.hikari.HikariDataSource       : HikariPool-1 - Starting...
2020-11-05 09:01:38.415  INFO 13936 --- [main] com.zaxxer.hikari.HikariDataSource       : HikariPool-1 - Start completed.
2020-11-05 09:01:38.475  INFO 13936 --- [main] o.hibernate.jpa.internal.util.LogHelper  : HHH000204: Processing PersistenceUnitInfo [
	name: default
	...]
2020-11-05 09:01:38.540  INFO 13936 --- [main] org.hibernate.Version                    : HHH000412: Hibernate Core {5.3.9.Final}
2020-11-05 09:01:38.541  INFO 13936 --- [main] org.hibernate.cfg.Environment            : HHH000206: hibernate.properties not found
2020-11-05 09:01:38.584  INFO 13936 --- [main] o.hibernate.annotations.common.Version   : HCANN000001: Hibernate Commons Annotations {5.0.4.Final}
2020-11-05 09:01:39.021  INFO 13936 --- [main] org.hibernate.dialect.Dialect            : HHH000400: Using dialect: org.hibernate.dialect.MySQL5Dialect
2020-11-05 09:01:40.359  INFO 13936 --- [main] j.LocalContainerEntityManagerFactoryBean : Initialized JPA EntityManagerFactory for persistence unit 'default'
2020-11-05 09:01:40.750  INFO 13936 --- [main] o.h.h.i.QueryTranslatorFactoryInitiator  : HHH000397: Using ASTQueryTranslatorFactory
2020-11-05 09:01:41.881  INFO 13936 --- [main] o.s.s.concurrent.ThreadPoolTaskExecutor  : Initializing ExecutorService 'applicationTaskExecutor'
2020-11-05 09:01:41.938  WARN 13936 --- [main] aWebConfiguration$JpaWebMvcConfiguration : spring.jpa.open-in-view is enabled by default. Therefore, database queries may be performed during view rendering. Explicitly configure spring.jpa.open-in-view to disable this warning
2020-11-05 09:01:42.343  INFO 13936 --- [main] tn.esprit.spring.ContartTest             : Started ContartTest in 5.978 seconds (JVM running for 7.436)
2020-11-05 09:01:42.429  INFO 13936 --- [Thread-3] o.s.s.concurrent.ThreadPoolTaskExecutor  : Shutting down ExecutorService 'applicationTaskExecutor'
2020-11-05 09:01:42.432  INFO 13936 --- [Thread-3] j.LocalContainerEntityManagerFactoryBean : Closing JPA EntityManagerFactory for persistence unit 'default'
2020-11-05 09:01:42.434  INFO 13936 --- [Thread-3] com.zaxxer.hikari.HikariDataSource       : HikariPool-1 - Shutdown initiated...
2020-11-05 09:01:42.439  INFO 13936 --- [Thread-3] com.zaxxer.hikari.HikariDataSource       : HikariPool-1 - Shutdown completed.
2020-11-05 09:03:49.956  INFO 12824 --- [main] tn.esprit.spring.ContartTest             : Starting ContartTest on DESKTOP-DU3TEQB with PID 12824 (started by Yasser Bel Haj Ali in C:\Users\Yasser Bel Haj Ali\git\Timesheet-spring-boot-core-data-jpa-mvc-REST)
2020-11-05 09:03:49.959  INFO 12824 --- [main] tn.esprit.spring.ContartTest             : No active profile set, falling back to default profiles: default
2020-11-05 09:03:50.572  INFO 12824 --- [main] .s.d.r.c.RepositoryConfigurationDelegate : Bootstrapping Spring Data repositories in DEFAULT mode.
2020-11-05 09:03:50.666  INFO 12824 --- [main] .s.d.r.c.RepositoryConfigurationDelegate : Finished Spring Data repository scanning in 83ms. Found 6 repository interfaces.
2020-11-05 09:03:51.500  INFO 12824 --- [main] trationDelegate$BeanPostProcessorChecker : Bean 'org.springframework.transaction.annotation.ProxyTransactionManagementConfiguration' of type [org.springframework.transaction.annotation.ProxyTransactionManagementConfiguration$$EnhancerBySpringCGLIB$$f257fa21] is not eligible for getting processed by all BeanPostProcessors (for example: not eligible for auto-proxying)
2020-11-05 09:03:51.698  INFO 12824 --- [main] com.zaxxer.hikari.HikariDataSource       : HikariPool-1 - Starting...
2020-11-05 09:03:51.827  INFO 12824 --- [main] com.zaxxer.hikari.HikariDataSource       : HikariPool-1 - Start completed.
2020-11-05 09:03:51.909  INFO 12824 --- [main] o.hibernate.jpa.internal.util.LogHelper  : HHH000204: Processing PersistenceUnitInfo [
	name: default
	...]
2020-11-05 09:03:51.972  INFO 12824 --- [main] org.hibernate.Version                    : HHH000412: Hibernate Core {5.3.9.Final}
2020-11-05 09:03:51.976  INFO 12824 --- [main] org.hibernate.cfg.Environment            : HHH000206: hibernate.properties not found
2020-11-05 09:03:52.017  INFO 12824 --- [main] o.hibernate.annotations.common.Version   : HCANN000001: Hibernate Commons Annotations {5.0.4.Final}
2020-11-05 09:03:52.532  INFO 12824 --- [main] org.hibernate.dialect.Dialect            : HHH000400: Using dialect: org.hibernate.dialect.MySQL5Dialect
2020-11-05 09:03:54.229  INFO 12824 --- [main] j.LocalContainerEntityManagerFactoryBean : Initialized JPA EntityManagerFactory for persistence unit 'default'
2020-11-05 09:03:54.672  INFO 12824 --- [main] o.h.h.i.QueryTranslatorFactoryInitiator  : HHH000397: Using ASTQueryTranslatorFactory
2020-11-05 09:03:55.768  INFO 12824 --- [main] o.s.s.concurrent.ThreadPoolTaskExecutor  : Initializing ExecutorService 'applicationTaskExecutor'
2020-11-05 09:03:55.833  WARN 12824 --- [main] aWebConfiguration$JpaWebMvcConfiguration : spring.jpa.open-in-view is enabled by default. Therefore, database queries may be performed during view rendering. Explicitly configure spring.jpa.open-in-view to disable this warning
2020-11-05 09:03:56.130  INFO 12824 --- [main] tn.esprit.spring.ContartTest             : Started ContartTest in 6.437 seconds (JVM running for 7.188)
2020-11-05 09:03:56.200  INFO 12824 --- [Thread-3] o.s.s.concurrent.ThreadPoolTaskExecutor  : Shutting down ExecutorService 'applicationTaskExecutor'
2020-11-05 09:03:56.202  INFO 12824 --- [Thread-3] j.LocalContainerEntityManagerFactoryBean : Closing JPA EntityManagerFactory for persistence unit 'default'
2020-11-05 09:03:56.207  INFO 12824 --- [Thread-3] com.zaxxer.hikari.HikariDataSource       : HikariPool-1 - Shutdown initiated...
2020-11-05 09:03:56.213  INFO 12824 --- [Thread-3] com.zaxxer.hikari.HikariDataSource       : HikariPool-1 - Shutdown completed.
2020-11-05 09:07:08.983  INFO 14376 --- [main] tn.esprit.spring.ContartTest             : Starting ContartTest on DESKTOP-DU3TEQB with PID 14376 (started by Yasser Bel Haj Ali in C:\Users\Yasser Bel Haj Ali\git\Timesheet-spring-boot-core-data-jpa-mvc-REST)
2020-11-05 09:07:08.984  INFO 14376 --- [main] tn.esprit.spring.ContartTest             : No active profile set, falling back to default profiles: default
2020-11-05 09:07:09.641  INFO 14376 --- [main] .s.d.r.c.RepositoryConfigurationDelegate : Bootstrapping Spring Data repositories in DEFAULT mode.
2020-11-05 09:07:09.752  INFO 14376 --- [main] .s.d.r.c.RepositoryConfigurationDelegate : Finished Spring Data repository scanning in 102ms. Found 6 repository interfaces.
2020-11-05 09:07:10.553  INFO 14376 --- [main] trationDelegate$BeanPostProcessorChecker : Bean 'org.springframework.transaction.annotation.ProxyTransactionManagementConfiguration' of type [org.springframework.transaction.annotation.ProxyTransactionManagementConfiguration$$EnhancerBySpringCGLIB$$35f28e22] is not eligible for getting processed by all BeanPostProcessors (for example: not eligible for auto-proxying)
2020-11-05 09:07:10.750  INFO 14376 --- [main] com.zaxxer.hikari.HikariDataSource       : HikariPool-1 - Starting...
2020-11-05 09:07:10.879  INFO 14376 --- [main] com.zaxxer.hikari.HikariDataSource       : HikariPool-1 - Start completed.
2020-11-05 09:07:10.937  INFO 14376 --- [main] o.hibernate.jpa.internal.util.LogHelper  : HHH000204: Processing PersistenceUnitInfo [
	name: default
	...]
2020-11-05 09:07:11.005  INFO 14376 --- [main] org.hibernate.Version                    : HHH000412: Hibernate Core {5.3.9.Final}
2020-11-05 09:07:11.007  INFO 14376 --- [main] org.hibernate.cfg.Environment            : HHH000206: hibernate.properties not found
2020-11-05 09:07:11.052  INFO 14376 --- [main] o.hibernate.annotations.common.Version   : HCANN000001: Hibernate Commons Annotations {5.0.4.Final}
2020-11-05 09:07:11.478  INFO 14376 --- [main] org.hibernate.dialect.Dialect            : HHH000400: Using dialect: org.hibernate.dialect.MySQL5Dialect
2020-11-05 09:07:13.185  INFO 14376 --- [main] j.LocalContainerEntityManagerFactoryBean : Initialized JPA EntityManagerFactory for persistence unit 'default'
2020-11-05 09:07:13.614  INFO 14376 --- [main] o.h.h.i.QueryTranslatorFactoryInitiator  : HHH000397: Using ASTQueryTranslatorFactory
2020-11-05 09:07:14.649  INFO 14376 --- [main] o.s.s.concurrent.ThreadPoolTaskExecutor  : Initializing ExecutorService 'applicationTaskExecutor'
2020-11-05 09:07:14.716  WARN 14376 --- [main] aWebConfiguration$JpaWebMvcConfiguration : spring.jpa.open-in-view is enabled by default. Therefore, database queries may be performed during view rendering. Explicitly configure spring.jpa.open-in-view to disable this warning
2020-11-05 09:07:15.139  INFO 14376 --- [main] tn.esprit.spring.ContartTest             : Started ContartTest in 6.425 seconds (JVM running for 7.188)
2020-11-05 09:07:15.236  INFO 14376 --- [Thread-3] o.s.s.concurrent.ThreadPoolTaskExecutor  : Shutting down ExecutorService 'applicationTaskExecutor'
2020-11-05 09:07:15.239  INFO 14376 --- [Thread-3] j.LocalContainerEntityManagerFactoryBean : Closing JPA EntityManagerFactory for persistence unit 'default'
2020-11-05 09:07:15.243  INFO 14376 --- [Thread-3] com.zaxxer.hikari.HikariDataSource       : HikariPool-1 - Shutdown initiated...
2020-11-05 09:07:15.248  INFO 14376 --- [Thread-3] com.zaxxer.hikari.HikariDataSource       : HikariPool-1 - Shutdown completed.
2020-11-05 09:07:26.615  INFO 9544 --- [main] tn.esprit.spring.ContartTest             : Starting ContartTest on DESKTOP-DU3TEQB with PID 9544 (started by Yasser Bel Haj Ali in C:\Users\Yasser Bel Haj Ali\git\Timesheet-spring-boot-core-data-jpa-mvc-REST)
2020-11-05 09:07:26.617  INFO 9544 --- [main] tn.esprit.spring.ContartTest             : No active profile set, falling back to default profiles: default
2020-11-05 09:07:27.273  INFO 9544 --- [main] .s.d.r.c.RepositoryConfigurationDelegate : Bootstrapping Spring Data repositories in DEFAULT mode.
2020-11-05 09:07:27.364  INFO 9544 --- [main] .s.d.r.c.RepositoryConfigurationDelegate : Finished Spring Data repository scanning in 81ms. Found 6 repository interfaces.
2020-11-05 09:07:28.172  INFO 9544 --- [main] trationDelegate$BeanPostProcessorChecker : Bean 'org.springframework.transaction.annotation.ProxyTransactionManagementConfiguration' of type [org.springframework.transaction.annotation.ProxyTransactionManagementConfiguration$$EnhancerBySpringCGLIB$$5a9885fe] is not eligible for getting processed by all BeanPostProcessors (for example: not eligible for auto-proxying)
2020-11-05 09:07:28.377  INFO 9544 --- [main] com.zaxxer.hikari.HikariDataSource       : HikariPool-1 - Starting...
2020-11-05 09:07:28.518  INFO 9544 --- [main] com.zaxxer.hikari.HikariDataSource       : HikariPool-1 - Start completed.
2020-11-05 09:07:28.586  INFO 9544 --- [main] o.hibernate.jpa.internal.util.LogHelper  : HHH000204: Processing PersistenceUnitInfo [
	name: default
	...]
2020-11-05 09:07:28.653  INFO 9544 --- [main] org.hibernate.Version                    : HHH000412: Hibernate Core {5.3.9.Final}
2020-11-05 09:07:28.654  INFO 9544 --- [main] org.hibernate.cfg.Environment            : HHH000206: hibernate.properties not found
2020-11-05 09:07:28.694  INFO 9544 --- [main] o.hibernate.annotations.common.Version   : HCANN000001: Hibernate Commons Annotations {5.0.4.Final}
2020-11-05 09:07:29.249  INFO 9544 --- [main] org.hibernate.dialect.Dialect            : HHH000400: Using dialect: org.hibernate.dialect.MySQL5Dialect
2020-11-05 09:07:31.481  INFO 9544 --- [main] j.LocalContainerEntityManagerFactoryBean : Initialized JPA EntityManagerFactory for persistence unit 'default'
2020-11-05 09:07:31.902  INFO 9544 --- [main] o.h.h.i.QueryTranslatorFactoryInitiator  : HHH000397: Using ASTQueryTranslatorFactory
2020-11-05 09:07:33.009  INFO 9544 --- [main] o.s.s.concurrent.ThreadPoolTaskExecutor  : Initializing ExecutorService 'applicationTaskExecutor'
2020-11-05 09:07:33.079  WARN 9544 --- [main] aWebConfiguration$JpaWebMvcConfiguration : spring.jpa.open-in-view is enabled by default. Therefore, database queries may be performed during view rendering. Explicitly configure spring.jpa.open-in-view to disable this warning
2020-11-05 09:07:33.436  INFO 9544 --- [main] tn.esprit.spring.ContartTest             : Started ContartTest in 7.093 seconds (JVM running for 7.774)
2020-11-05 09:07:33.510  INFO 9544 --- [Thread-3] o.s.s.concurrent.ThreadPoolTaskExecutor  : Shutting down ExecutorService 'applicationTaskExecutor'
2020-11-05 09:07:33.513  INFO 9544 --- [Thread-3] j.LocalContainerEntityManagerFactoryBean : Closing JPA EntityManagerFactory for persistence unit 'default'
2020-11-05 09:07:33.516  INFO 9544 --- [Thread-3] com.zaxxer.hikari.HikariDataSource       : HikariPool-1 - Shutdown initiated...
2020-11-05 09:07:33.520  INFO 9544 --- [Thread-3] com.zaxxer.hikari.HikariDataSource       : HikariPool-1 - Shutdown completed.
2020-11-05 09:08:03.671  INFO 14076 --- [main] tn.esprit.spring.ContartTest             : Starting ContartTest on DESKTOP-DU3TEQB with PID 14076 (started by Yasser Bel Haj Ali in C:\Users\Yasser Bel Haj Ali\git\Timesheet-spring-boot-core-data-jpa-mvc-REST)
2020-11-05 09:08:03.672  INFO 14076 --- [main] tn.esprit.spring.ContartTest             : No active profile set, falling back to default profiles: default
2020-11-05 09:08:04.329  INFO 14076 --- [main] .s.d.r.c.RepositoryConfigurationDelegate : Bootstrapping Spring Data repositories in DEFAULT mode.
2020-11-05 09:08:04.426  INFO 14076 --- [main] .s.d.r.c.RepositoryConfigurationDelegate : Finished Spring Data repository scanning in 87ms. Found 6 repository interfaces.
2020-11-05 09:08:05.216  INFO 14076 --- [main] trationDelegate$BeanPostProcessorChecker : Bean 'org.springframework.transaction.annotation.ProxyTransactionManagementConfiguration' of type [org.springframework.transaction.annotation.ProxyTransactionManagementConfiguration$$EnhancerBySpringCGLIB$$3e693d3] is not eligible for getting processed by all BeanPostProcessors (for example: not eligible for auto-proxying)
2020-11-05 09:08:05.405  INFO 14076 --- [main] com.zaxxer.hikari.HikariDataSource       : HikariPool-1 - Starting...
2020-11-05 09:08:05.534  INFO 14076 --- [main] com.zaxxer.hikari.HikariDataSource       : HikariPool-1 - Start completed.
2020-11-05 09:08:05.592  INFO 14076 --- [main] o.hibernate.jpa.internal.util.LogHelper  : HHH000204: Processing PersistenceUnitInfo [
	name: default
	...]
2020-11-05 09:08:05.658  INFO 14076 --- [main] org.hibernate.Version                    : HHH000412: Hibernate Core {5.3.9.Final}
2020-11-05 09:08:05.659  INFO 14076 --- [main] org.hibernate.cfg.Environment            : HHH000206: hibernate.properties not found
2020-11-05 09:08:05.703  INFO 14076 --- [main] o.hibernate.annotations.common.Version   : HCANN000001: Hibernate Commons Annotations {5.0.4.Final}
2020-11-05 09:08:06.133  INFO 14076 --- [main] org.hibernate.dialect.Dialect            : HHH000400: Using dialect: org.hibernate.dialect.MySQL5Dialect
2020-11-05 09:08:07.738  INFO 14076 --- [main] j.LocalContainerEntityManagerFactoryBean : Initialized JPA EntityManagerFactory for persistence unit 'default'
2020-11-05 09:08:08.212  INFO 14076 --- [main] o.h.h.i.QueryTranslatorFactoryInitiator  : HHH000397: Using ASTQueryTranslatorFactory
2020-11-05 09:08:09.337  INFO 14076 --- [main] o.s.s.concurrent.ThreadPoolTaskExecutor  : Initializing ExecutorService 'applicationTaskExecutor'
2020-11-05 09:08:09.401  WARN 14076 --- [main] aWebConfiguration$JpaWebMvcConfiguration : spring.jpa.open-in-view is enabled by default. Therefore, database queries may be performed during view rendering. Explicitly configure spring.jpa.open-in-view to disable this warning
2020-11-05 09:08:09.694  INFO 14076 --- [main] tn.esprit.spring.ContartTest             : Started ContartTest in 6.288 seconds (JVM running for 7.025)
2020-11-05 09:08:09.777  INFO 14076 --- [Thread-3] o.s.s.concurrent.ThreadPoolTaskExecutor  : Shutting down ExecutorService 'applicationTaskExecutor'
2020-11-05 09:08:09.780  INFO 14076 --- [Thread-3] j.LocalContainerEntityManagerFactoryBean : Closing JPA EntityManagerFactory for persistence unit 'default'
2020-11-05 09:08:09.782  INFO 14076 --- [Thread-3] com.zaxxer.hikari.HikariDataSource       : HikariPool-1 - Shutdown initiated...
2020-11-05 09:08:09.790  INFO 14076 --- [Thread-3] com.zaxxer.hikari.HikariDataSource       : HikariPool-1 - Shutdown completed.
2020-11-05 09:09:56.994  INFO 2216 --- [main] tn.esprit.spring.ContartTest             : Starting ContartTest on DESKTOP-DU3TEQB with PID 2216 (started by Yasser Bel Haj Ali in C:\Users\Yasser Bel Haj Ali\git\Timesheet-spring-boot-core-data-jpa-mvc-REST)
2020-11-05 09:09:56.995  INFO 2216 --- [main] tn.esprit.spring.ContartTest             : No active profile set, falling back to default profiles: default
2020-11-05 09:09:57.646  INFO 2216 --- [main] .s.d.r.c.RepositoryConfigurationDelegate : Bootstrapping Spring Data repositories in DEFAULT mode.
2020-11-05 09:09:57.745  INFO 2216 --- [main] .s.d.r.c.RepositoryConfigurationDelegate : Finished Spring Data repository scanning in 91ms. Found 6 repository interfaces.
2020-11-05 09:09:58.535  INFO 2216 --- [main] trationDelegate$BeanPostProcessorChecker : Bean 'org.springframework.transaction.annotation.ProxyTransactionManagementConfiguration' of type [org.springframework.transaction.annotation.ProxyTransactionManagementConfiguration$$EnhancerBySpringCGLIB$$3e693d3] is not eligible for getting processed by all BeanPostProcessors (for example: not eligible for auto-proxying)
2020-11-05 09:09:58.735  INFO 2216 --- [main] com.zaxxer.hikari.HikariDataSource       : HikariPool-1 - Starting...
2020-11-05 09:09:58.865  INFO 2216 --- [main] com.zaxxer.hikari.HikariDataSource       : HikariPool-1 - Start completed.
2020-11-05 09:09:58.924  INFO 2216 --- [main] o.hibernate.jpa.internal.util.LogHelper  : HHH000204: Processing PersistenceUnitInfo [
	name: default
	...]
2020-11-05 09:09:58.992  INFO 2216 --- [main] org.hibernate.Version                    : HHH000412: Hibernate Core {5.3.9.Final}
2020-11-05 09:09:58.995  INFO 2216 --- [main] org.hibernate.cfg.Environment            : HHH000206: hibernate.properties not found
2020-11-05 09:09:59.039  INFO 2216 --- [main] o.hibernate.annotations.common.Version   : HCANN000001: Hibernate Commons Annotations {5.0.4.Final}
2020-11-05 09:09:59.472  INFO 2216 --- [main] org.hibernate.dialect.Dialect            : HHH000400: Using dialect: org.hibernate.dialect.MySQL5Dialect
2020-11-05 09:10:01.218  INFO 2216 --- [main] j.LocalContainerEntityManagerFactoryBean : Initialized JPA EntityManagerFactory for persistence unit 'default'
2020-11-05 09:10:01.657  INFO 2216 --- [main] o.h.h.i.QueryTranslatorFactoryInitiator  : HHH000397: Using ASTQueryTranslatorFactory
2020-11-05 09:10:02.778  INFO 2216 --- [main] o.s.s.concurrent.ThreadPoolTaskExecutor  : Initializing ExecutorService 'applicationTaskExecutor'
2020-11-05 09:10:02.853  WARN 2216 --- [main] aWebConfiguration$JpaWebMvcConfiguration : spring.jpa.open-in-view is enabled by default. Therefore, database queries may be performed during view rendering. Explicitly configure spring.jpa.open-in-view to disable this warning
2020-11-05 09:10:03.220  INFO 2216 --- [main] tn.esprit.spring.ContartTest             : Started ContartTest in 6.517 seconds (JVM running for 7.363)
2020-11-05 09:10:03.289  INFO 2216 --- [Thread-3] o.s.s.concurrent.ThreadPoolTaskExecutor  : Shutting down ExecutorService 'applicationTaskExecutor'
2020-11-05 09:10:03.294  INFO 2216 --- [Thread-3] j.LocalContainerEntityManagerFactoryBean : Closing JPA EntityManagerFactory for persistence unit 'default'
2020-11-05 09:10:03.296  INFO 2216 --- [Thread-3] com.zaxxer.hikari.HikariDataSource       : HikariPool-1 - Shutdown initiated...
2020-11-05 09:10:03.302  INFO 2216 --- [Thread-3] com.zaxxer.hikari.HikariDataSource       : HikariPool-1 - Shutdown completed.
2020-11-05 09:11:04.123  INFO 2964 --- [main] tn.esprit.spring.ContartTest             : Starting ContartTest on DESKTOP-DU3TEQB with PID 2964 (started by Yasser Bel Haj Ali in C:\Users\Yasser Bel Haj Ali\git\Timesheet-spring-boot-core-data-jpa-mvc-REST)
2020-11-05 09:11:04.123  INFO 2964 --- [main] tn.esprit.spring.ContartTest             : No active profile set, falling back to default profiles: default
2020-11-05 09:11:04.758  INFO 2964 --- [main] .s.d.r.c.RepositoryConfigurationDelegate : Bootstrapping Spring Data repositories in DEFAULT mode.
2020-11-05 09:11:04.842  INFO 2964 --- [main] .s.d.r.c.RepositoryConfigurationDelegate : Finished Spring Data repository scanning in 73ms. Found 6 repository interfaces.
2020-11-05 09:11:05.629  INFO 2964 --- [main] trationDelegate$BeanPostProcessorChecker : Bean 'org.springframework.transaction.annotation.ProxyTransactionManagementConfiguration' of type [org.springframework.transaction.annotation.ProxyTransactionManagementConfiguration$$EnhancerBySpringCGLIB$$d9145e5d] is not eligible for getting processed by all BeanPostProcessors (for example: not eligible for auto-proxying)
2020-11-05 09:11:05.823  INFO 2964 --- [main] com.zaxxer.hikari.HikariDataSource       : HikariPool-1 - Starting...
2020-11-05 09:11:05.951  INFO 2964 --- [main] com.zaxxer.hikari.HikariDataSource       : HikariPool-1 - Start completed.
2020-11-05 09:11:06.011  INFO 2964 --- [main] o.hibernate.jpa.internal.util.LogHelper  : HHH000204: Processing PersistenceUnitInfo [
	name: default
	...]
2020-11-05 09:11:06.075  INFO 2964 --- [main] org.hibernate.Version                    : HHH000412: Hibernate Core {5.3.9.Final}
2020-11-05 09:11:06.077  INFO 2964 --- [main] org.hibernate.cfg.Environment            : HHH000206: hibernate.properties not found
2020-11-05 09:11:06.124  INFO 2964 --- [main] o.hibernate.annotations.common.Version   : HCANN000001: Hibernate Commons Annotations {5.0.4.Final}
2020-11-05 09:11:06.554  INFO 2964 --- [main] org.hibernate.dialect.Dialect            : HHH000400: Using dialect: org.hibernate.dialect.MySQL5Dialect
2020-11-05 09:11:08.300  INFO 2964 --- [main] j.LocalContainerEntityManagerFactoryBean : Initialized JPA EntityManagerFactory for persistence unit 'default'
2020-11-05 09:11:08.731  INFO 2964 --- [main] o.h.h.i.QueryTranslatorFactoryInitiator  : HHH000397: Using ASTQueryTranslatorFactory
2020-11-05 09:11:09.787  INFO 2964 --- [main] o.s.s.concurrent.ThreadPoolTaskExecutor  : Initializing ExecutorService 'applicationTaskExecutor'
2020-11-05 09:11:09.843  WARN 2964 --- [main] aWebConfiguration$JpaWebMvcConfiguration : spring.jpa.open-in-view is enabled by default. Therefore, database queries may be performed during view rendering. Explicitly configure spring.jpa.open-in-view to disable this warning
2020-11-05 09:11:10.207  INFO 2964 --- [main] tn.esprit.spring.ContartTest             : Started ContartTest in 6.349 seconds (JVM running for 7.164)
2020-11-05 09:11:10.288  INFO 2964 --- [Thread-3] o.s.s.concurrent.ThreadPoolTaskExecutor  : Shutting down ExecutorService 'applicationTaskExecutor'
2020-11-05 09:11:10.291  INFO 2964 --- [Thread-3] j.LocalContainerEntityManagerFactoryBean : Closing JPA EntityManagerFactory for persistence unit 'default'
2020-11-05 09:11:10.295  INFO 2964 --- [Thread-3] com.zaxxer.hikari.HikariDataSource       : HikariPool-1 - Shutdown initiated...
2020-11-05 09:11:10.299  INFO 2964 --- [Thread-3] com.zaxxer.hikari.HikariDataSource       : HikariPool-1 - Shutdown completed.
